<?xml version="1.0" encoding="UTF-8"?>
<!-- Generated by org.testng.reporters.JUnitReportReporter -->
<testsuite hostname="N700278" name="Test.CheckIntraRegionalReport" tests="1" failures="0" timestamp="26 Sep 2016 15:00:08 GMT" time="30.486" errors="0">
  <testcase name="IntraRegionalRoadEmptiesTrailerReport" time="30.486" classname="Test.CheckIntraRegionalReport"/>
</testsuite> <!-- Test.CheckIntraRegionalReport -->
