<?xml version="1.0" encoding="UTF-8"?>
<!-- Generated by org.testng.reporters.JUnitReportReporter -->
<testsuite hostname="N700278" name="Test.T1" tests="1" failures="0" timestamp="20 Sep 2016 15:05:24 GMT" time="106.174" errors="0">
  <testcase name="example5" time="106.174" classname="Test.T1"/>
</testsuite> <!-- Test.T1 -->
