<?xml version="1.0" encoding="UTF-8"?>
<!-- Generated by org.testng.reporters.JUnitReportReporter -->
<testsuite hostname="N700278" name="Test.CheckInterReginalReport" tests="2" failures="0" timestamp="26 Sep 2016 02:03:20 GMT" time="423.228" errors="0">
  <testcase name="InterRegionalAtArrTrailerReport" time="227.565" classname="Test.CheckInterReginalReport"/>
  <testcase name="InterRegionalAtLddTrailerReport" time="195.663" classname="Test.CheckInterReginalReport"/>
</testsuite> <!-- Test.CheckInterReginalReport -->
