<?xml version="1.0" encoding="UTF-8"?>
<!-- Generated by org.testng.reporters.JUnitReportReporter -->
<testsuite hostname="N700278" name="Test.CheckInterReginalReport" tests="2" failures="0" timestamp="24 Sep 2016 00:06:02 GMT" time="273.132" errors="0">
  <testcase name="InterRegionalAtLddTrailerReport" time="163.391" classname="Test.CheckInterReginalReport"/>
  <testcase name="InterRegionalAtArrTrailerReport" time="109.741" classname="Test.CheckInterReginalReport"/>
</testsuite> <!-- Test.CheckInterReginalReport -->
