<?xml version="1.0" encoding="UTF-8"?>
<!-- Generated by org.testng.reporters.JUnitReportReporter -->
<testsuite hostname="N700278" name="Test.VerifyZoomOperation" tests="1" failures="0" timestamp="5 Jan 2016 20:21:24 GMT" time="5.068" errors="0">
  <testcase name="tt" time="5.068" classname="Test.VerifyZoomOperation"/>
</testsuite> <!-- Test.VerifyZoomOperation -->
