<?xml version="1.0" encoding="UTF-8"?>
<!-- Generated by org.testng.reporters.JUnitReportReporter -->
<testsuite hostname="N700278" name="Test.CheckInterRegionalReport" tests="4" failures="0" timestamp="27 Sep 2016 21:07:20 GMT" time="213.403" errors="0">
  <testcase name="InterRegionalAtLddTrailerReport" time="55.701" classname="Test.CheckInterRegionalReport"/>
  <testcase name="InterRegionalAtLddArrTrailerReport" time="93.896" classname="Test.CheckInterRegionalReport"/>
  <testcase name="InterRegionalRoadEmptiesTrailerReport" time="13.304" classname="Test.CheckInterRegionalReport"/>
  <testcase name="InterRegionalAtArrTrailerReport" time="50.502" classname="Test.CheckInterRegionalReport"/>
</testsuite> <!-- Test.CheckInterRegionalReport -->
