<?xml version="1.0" encoding="UTF-8"?>
<!-- Generated by org.testng.reporters.JUnitReportReporter -->
<testsuite hostname="N700278" name="Test.T1" tests="1" failures="0" timestamp="27 Sep 2016 21:07:20 GMT" time="61.897" errors="0">
  <testcase name="example5" time="61.897" classname="Test.T1"/>
</testsuite> <!-- Test.T1 -->
